\BOOKMARK [1][-]{section.1}{\376\377\000M\000\366\000t\000e\000t\000s\000\040\000\366\000p\000p\000n\000a\000n\000d\000e}{}% 1
\BOOKMARK [1][-]{section.2}{\376\377\000V\000a\000l\000\040\000a\000v\000\040\000m\000\366\000t\000e\000s\000f\000u\000n\000k\000t\000i\000o\000n\000\344\000r\000e\000r}{}% 2
\BOOKMARK [2][-]{subsection.2.1}{\376\377\000M\000\366\000t\000e\000s\000o\000r\000d\000f\000\366\000r\000a\000n\000d\000e}{section.2}% 3
\BOOKMARK [2][-]{subsection.2.2}{\376\377\000M\000\366\000t\000e\000s\000s\000e\000k\000r\000e\000t\000e\000r\000a\000r\000e}{section.2}% 4
\BOOKMARK [2][-]{subsection.2.3}{\376\377\000J\000u\000s\000t\000e\000r\000i\000n\000g\000s\000p\000e\000r\000s\000o\000n\000,\000\040\000R\000\366\000s\000t\000r\000\344\000k\000n\000a\000r\000e}{section.2}% 5
\BOOKMARK [1][-]{section.3}{\376\377\000A\000d\000j\000u\000n\000g\000e\000r\000i\000n\000g\000a\000r\000\040\000o\000c\000h\000\040\000f\000a\000s\000t\000s\000t\000\344\000l\000l\000a\000n\000d\000e\000\040\000a\000v\000\040\000r\000\366\000s\000t\000l\000\344\000n\000g\000d\000e\000n}{}% 6
\BOOKMARK [1][-]{section.4}{\376\377\000F\000a\000s\000t\000s\000t\000\344\000l\000l\000a\000n\000d\000e\000\040\000a\000v\000\040\000m\000\366\000t\000e\000t\000s\000\040\000s\000t\000a\000d\000g\000e\000e\000n\000l\000i\000g\000a\000\040\000u\000t\000l\000y\000s\000a\000n\000d\000e}{}% 7
\BOOKMARK [1][-]{section.5}{\376\377\000F\000a\000s\000t\000s\000t\000\344\000l\000l\000a\000n\000d\000e\000\040\000a\000v\000\040\000f\000\366\000r\000e\000d\000r\000a\000g\000n\000i\000n\000g\000s\000l\000i\000s\000t\000a}{}% 8
\BOOKMARK [1][-]{section.6}{\376\377\000R\000a\000p\000p\000o\000r\000t\000\040\000o\000c\000h\000\040\000m\000e\000d\000d\000e\000l\000a\000n\000d\000e\000n\000\040\000f\000r\000\345\000n\000\040\000s\000t\000y\000r\000e\000l\000s\000e\000n\000\040\000o\000c\000h\000\040\000k\000a\000n\000s\000l\000i\000e\000t}{}% 9
\BOOKMARK [2][-]{subsection.6.1}{\376\377\000S\000t\000y\000r\000e\000l\000s\000e\000n}{section.6}% 10
\BOOKMARK [2][-]{subsection.6.2}{\376\377\000A\000l\000u\000m\000n\000i\000u\000t\000s\000k\000o\000t\000t\000e\000t}{section.6}% 11
\BOOKMARK [2][-]{subsection.6.3}{\376\377\000A\000r\000b\000e\000t\000s\000m\000a\000r\000k\000n\000a\000d\000s\000g\000r\000u\000p\000p\000e\000n}{section.6}% 12
\BOOKMARK [2][-]{subsection.6.4}{\376\377\000D\000-\000G\000r\000o\000u\000p}{section.6}% 13
\BOOKMARK [2][-]{subsection.6.5}{\376\377\000D\000o\000n\000n\000a}{section.6}% 14
\BOOKMARK [2][-]{subsection.6.6}{\376\377\000E\000k\000o\000n\000o\000m\000i\000u\000t\000s\000k\000o\000t\000t\000e\000t}{section.6}% 15
\BOOKMARK [2][-]{subsection.6.7}{\376\377\000E\000v\000e\000n\000t\000u\000t\000s\000k\000o\000t\000t\000e\000t}{section.6}% 16
\BOOKMARK [2][-]{subsection.6.8}{\376\377\000I\000n\000f\000o\000u\000t\000s\000k\000o\000t\000t\000e\000t}{section.6}% 17
\BOOKMARK [2][-]{subsection.6.9}{\376\377\000M\000a\000r\000k\000n\000a\000d\000s\000f\000\366\000r\000i\000n\000g\000s\000u\000t\000s\000k\000o\000t\000t\000e\000t}{section.6}% 18
\BOOKMARK [2][-]{subsection.6.10}{\376\377\000N\000\344\000r\000i\000n\000g\000s\000l\000i\000v\000s\000u\000t\000s\000k\000o\000t\000t\000e\000t}{section.6}% 19
\BOOKMARK [2][-]{subsection.6.11}{\376\377\000P\000u\000b\000u\000t\000s\000k\000o\000t\000t\000e\000t}{section.6}% 20
\BOOKMARK [2][-]{subsection.6.12}{\376\377\000S\000T\000A\000B\000E\000N}{section.6}% 21
\BOOKMARK [2][-]{subsection.6.13}{\376\377\000U\000t\000b\000i\000l\000d\000n\000i\000n\000g\000s\000u\000t\000s\000k\000o\000t\000t\000e\000t}{section.6}% 22
\BOOKMARK [2][-]{subsection.6.14}{\376\377\000V\000a\000l\000b\000e\000r\000e\000d\000n\000i\000n\000g\000e\000n}{section.6}% 23
\BOOKMARK [2][-]{subsection.6.15}{\376\377\000W\000e\000b\000b\000u\000t\000s\000k\000o\000t\000t\000e\000t}{section.6}% 24
\BOOKMARK [2][-]{subsection.6.16}{\376\377\000W\000e\000r\000k\000m\000\344\000s\000t\000e\000r\000i\000e\000t}{section.6}% 25
\BOOKMARK [1][-]{section.7}{\376\377\000S\000t\000y\000r\000e\000l\000s\000e\000n\000\040\000i\000n\000f\000o\000r\000m\000e\000r\000a\000r}{}% 26
\BOOKMARK [1][-]{section.8}{\376\377\000S\000e\000k\000t\000i\000o\000n\000e\000n\000s\000\040\000e\000k\000o\000n\000o\000m\000i\000s\000k\000a\000\040\000l\000\344\000g\000e}{}% 27
\BOOKMARK [1][-]{section.9}{\376\377\000B\000u\000d\000g\000e\000t\000r\000e\000v\000i\000d\000e\000r\000i\000n\000g}{}% 28
\BOOKMARK [1][-]{section.10}{\376\377\000S\000e\000k\000t\000i\000o\000n\000e\000n\000s\000\040\000g\000r\000a\000f\000i\000s\000k\000a\000\040\000p\000r\000o\000f\000i\000l}{}% 29
\BOOKMARK [1][-]{section.11}{\376\377\000M\000o\000t\000i\000o\000n\000e\000r\000\040\000o\000c\000h\000\040\000p\000r\000o\000p\000o\000s\000i\000t\000i\000o\000n\000e\000r}{}% 30
\BOOKMARK [1][-]{section.12}{\376\377\000P\000r\000e\000s\000e\000n\000t\000a\000t\000i\000o\000n\000\040\000a\000v\000\040\000S\000T\000A\000B\000E\000N}{}% 31
\BOOKMARK [1][-]{section.13}{\376\377\000P\000e\000r\000s\000o\000n\000v\000a\000l}{}% 32
\BOOKMARK [2][-]{subsection.13.1}{\376\377\000S\000e\000k\000t\000i\000o\000n\000s\000o\000r\000d\000f\000\366\000r\000a\000n\000d\000e\000\040\0002\0002\000/\0002\0003}{section.13}% 33
\BOOKMARK [2][-]{subsection.13.2}{\376\377\000S\000e\000k\000t\000i\000o\000n\000s\000k\000a\000s\000s\000\366\000r\000\040\0002\0002\000/\0002\0003}{section.13}% 34
\BOOKMARK [2][-]{subsection.13.3}{\376\377\000V\000i\000c\000e\000\040\000o\000r\000d\000f\000\366\000r\000a\000n\000d\000e\000\040\0002\0002\000/\0002\0003}{section.13}% 35
\BOOKMARK [2][-]{subsection.13.4}{\376\377\000S\000e\000k\000r\000e\000t\000e\000r\000a\000r\000e\000\040\0002\0002\000/\0002\0003}{section.13}% 36
\BOOKMARK [2][-]{subsection.13.5}{\376\377\000U\000t\000b\000i\000l\000d\000n\000i\000n\000g\000s\000u\000t\000s\000k\000o\000t\000t\000e\000t\000s\000\040\000o\000r\000d\000f\000\366\000r\000a\000n\000d\000e\000\040\0002\0002\000/\0002\0003}{section.13}% 37
\BOOKMARK [2][-]{subsection.13.6}{\376\377\000A\000r\000b\000e\000t\000s\000m\000i\000l\000j\000\366\000o\000m\000b\000u\000d\000\040\0002\0002\000/\0002\0003}{section.13}% 38
\BOOKMARK [2][-]{subsection.13.7}{\376\377\000E\000v\000e\000n\000t\000u\000t\000s\000k\000o\000t\000t\000e\000t\000s\000\040\000o\000r\000d\000f\000\366\000r\000a\000n\000d\000e}{section.13}% 39
\BOOKMARK [2][-]{subsection.13.8}{\376\377\000S\000t\000y\000r\000e\000l\000s\000e\000l\000e\000d\000a\000m\000\366\000t\000e\000r\000\040\0002\0002\000/\0002\0003}{section.13}% 40
\BOOKMARK [2][-]{subsection.13.9}{\376\377\000D\000a\000m\000f\000\366\000r\000e\000n\000i\000n\000g\000e\000n\000s\000\040\000o\000r\000d\000f\000\366\000r\000a\000n\000d\000e\000\040\0002\0002\000/\0002\0003}{section.13}% 41
\BOOKMARK [2][-]{subsection.13.10}{\376\377\000D\000a\000m\000f\000\366\000r\000e\000n\000i\000n\000g\000e\000n\000s\000\040\000k\000a\000s\000s\000\366\000r\000\040\0002\0002\000/\0002\0003}{section.13}% 42
\BOOKMARK [2][-]{subsection.13.11}{\376\377\000F\000e\000s\000t\000e\000r\000i\000e\000t\000s\000\040\000o\000r\000d\000f\000\366\000r\000a\000n\000d\000e\000\040\0002\0002\000/\0002\0003}{section.13}% 43
\BOOKMARK [2][-]{subsection.13.12}{\376\377\000F\000e\000s\000t\000e\000r\000i\000e\000t\000s\000\040\000k\000a\000s\000s\000\366\000r\000\040\0002\0002\000/\0002\0003}{section.13}% 44
\BOOKMARK [1][-]{section.14}{\376\377\000M\000e\000d\000a\000l\000j\000u\000t\000d\000e\000l\000n\000i\000n\000g}{}% 45
\BOOKMARK [1][-]{section.15}{\376\377\000\326\000v\000r\000i\000g\000t}{}% 46
\BOOKMARK [1][-]{section.16}{\376\377\000M\000\366\000t\000e\000t\000s\000\040\000a\000v\000s\000l\000u\000t}{}% 47
